2025-10-12 04:32:28,281 | INFO     | ============================================================
2025-10-12 04:32:28,282 | INFO     | 🚀 STARTING END-TO-END B2B LEAD PIPELINE (Colombo → WhatsApp)
2025-10-12 04:32:28,282 | INFO     | ============================================================
2025-10-12 04:32:28,282 | ERROR    | ❌ Scraper script not found: lean_business_scraper.py
2025-10-12 04:32:58,450 | INFO     | ============================================================
2025-10-12 04:32:58,451 | INFO     | 🚀 STARTING END-TO-END B2B LEAD PIPELINE (Colombo → WhatsApp)
2025-10-12 04:32:58,451 | INFO     | ============================================================
2025-10-12 04:32:58,452 | ERROR    | ❌ Scraper script not found: scrape.py
2025-10-12 04:33:24,565 | INFO     | ============================================================
2025-10-12 04:33:24,565 | INFO     | 🚀 STARTING END-TO-END B2B LEAD PIPELINE (Colombo → WhatsApp)
2025-10-12 04:33:24,565 | INFO     | ============================================================
2025-10-12 04:33:24,565 | ERROR    | ❌ Scraper script not found: scrape.py
2025-10-16 00:02:42,569 | INFO     | ============================================================
2025-10-16 00:02:42,570 | INFO     | 🚀 STARTING END-TO-END B2B LEAD PIPELINE (Colombo → WhatsApp)
2025-10-16 00:02:42,570 | INFO     | ============================================================
2025-10-16 00:02:42,570 | ERROR    | ❌ Scraper script not found: scrape.py
2025-10-16 00:03:43,469 | INFO     | ============================================================
2025-10-16 00:03:43,470 | INFO     | 🚀 STARTING END-TO-END B2B LEAD PIPELINE (Colombo → WhatsApp)
2025-10-16 00:03:43,470 | INFO     | ============================================================
2025-10-16 00:03:43,470 | INFO     | ▶️ Launching: c:\Users\dulra\sme-business\scrape-leads\scrape.py
2025-10-16 00:03:44,610 | INFO     | ✅ c:\Users\dulra\sme-business\scrape-leads\scrape.py completed successfully
2025-10-16 00:03:44,611 | WARNING  | ⚠️ Scraper ran but did not produce 'b2b_leads.csv'
2025-10-16 00:03:44,611 | INFO     |    → Proceeding to preparer anyway (it will handle missing file gracefully)
2025-10-16 00:03:44,611 | INFO     | ▶️ Launching: c:\Users\dulra\sme-business\scrape-leads\validate.py
2025-10-16 00:03:47,076 | INFO     | ✅ c:\Users\dulra\sme-business\scrape-leads\validate.py completed successfully
2025-10-16 00:03:47,076 | WARNING  | ⚠️ WhatsApp output file not found — check preparer logs.
2025-10-16 00:03:47,076 | INFO     | 🔚 Lead pipeline completed.
2025-10-17 19:58:37,373 | INFO     | ============================================================
2025-10-17 19:58:37,373 | INFO     | 🚀 STARTING END-TO-END B2B LEAD PIPELINE (Colombo → WhatsApp)
2025-10-17 19:58:37,374 | INFO     | ============================================================
2025-10-17 19:58:37,374 | INFO     | ▶️ Launching: c:\Users\dulra\sme-business\scrape-leads\scrape.py
2025-10-17 20:03:37,389 | ERROR    | 💥 Failed to execute c:\Users\dulra\sme-business\scrape-leads\scrape.py: Command '['C:\\Python312\\python.exe', 'c:\\Users\\dulra\\sme-business\\scrape-leads\\scrape.py']' timed out after 300 seconds
Traceback (most recent call last):
  File "c:\Users\dulra\sme-business\scrape-leads\run.py", line 55, in run_script
    result = subprocess.run(
             ^^^^^^^^^^^^^^^
  File "C:\Python312\Lib\subprocess.py", line 550, in run
    stdout, stderr = process.communicate(input, timeout=timeout)
                     ^^^^^^^^^^^^^^^^^^^^^^^^^^^^^^^^^^^^^^^^^^^
  File "C:\Python312\Lib\subprocess.py", line 1209, in communicate
    stdout, stderr = self._communicate(input, endtime, timeout)
                     ^^^^^^^^^^^^^^^^^^^^^^^^^^^^^^^^^^^^^^^^^^
  File "C:\Python312\Lib\subprocess.py", line 1630, in _communicate
    raise TimeoutExpired(self.args, orig_timeout)
subprocess.TimeoutExpired: Command '['C:\\Python312\\python.exe', 'c:\\Users\\dulra\\sme-business\\scrape-leads\\scrape.py']' timed out after 300 seconds
2025-10-17 20:03:37,394 | CRITICAL | 🛑 Pipeline halted: Scraper failed.
