2025-10-19 02:47:27,105 | INFO     | ============================================================
2025-10-19 02:47:27,105 | INFO     | 🚀 STARTING END-TO-END B2B LEAD PIPELINE (Colombo → WhatsApp)
2025-10-19 02:47:27,105 | INFO     | ============================================================
2025-10-19 02:47:27,105 | INFO     | ▶️ Launching: C:\Users\dulra\sme-business\scrape-leads\lean_business_scraper.py
2025-10-19 02:47:28,218 | INFO     | ✅ C:\Users\dulra\sme-business\scrape-leads\lean_business_scraper.py completed successfully
2025-10-19 02:47:28,218 | WARNING  | ⚠️ Could not find 'b2b_leads.csv' after scraping. Expected one of: ['C:\\Users\\dulra\\sme-business\\scrape-leads\\b2b_leads.csv', 'C:\\Users\\dulra\\sme-business\\scrape-leads\\b2b_leads.csv', 'C:\\Users\\dulra\\sme-business\\scrape-leads\\b2b_leads.csv']
2025-10-19 02:47:28,219 | INFO     |    → Proceeding to preparer anyway (it will handle missing file gracefully)
2025-10-19 02:47:28,219 | WARNING  | ⚠️ Scraper did not produce 'C:\Users\dulra\sme-business\frontend\app\api\leads\b2b_leads.csv'
2025-10-19 02:47:28,220 | INFO     | ▶️ Launching: C:\Users\dulra\sme-business\scrape-leads\whatsapp_lead_preparer.py
2025-10-19 02:47:28,960 | INFO     | ✅ C:\Users\dulra\sme-business\scrape-leads\whatsapp_lead_preparer.py completed successfully
2025-10-19 02:47:28,961 | WARNING  | ⚠️ WhatsApp output file not found — check preparer logs.
2025-10-19 02:47:28,961 | INFO     | 🔚 Lead pipeline completed.
2025-12-09 17:25:55,463 | INFO     | 📅 Auto-detected: 2025-12-08
2025-12-09 17:25:55,463 | INFO     | ======================================================================
2025-12-09 17:25:55,463 | INFO     | 🌍 GLOBAL B2B LEAD PIPELINE — Production Run
2025-12-09 17:25:55,463 | INFO     | 📍 Target: Unknown, Unknown
2025-12-09 17:25:55,463 | INFO     | ⏱️  Started: 2025-12-09 17:25:55
2025-12-09 17:25:55,463 | INFO     | ======================================================================
2025-12-09 17:25:55,463 | INFO     | 
======================================================================
2025-12-09 17:25:55,463 | INFO     | 🔍 PHASE 1: Lead Discovery
2025-12-09 17:25:55,463 | INFO     | ======================================================================
2025-12-09 17:25:55,463 | INFO     | ▶️  Executing: lean_business_scraper.py (attempt 1/3)
2025-12-09 17:25:56,411 | WARNING  |   [lean_business_scraper.py STDERR] 2025-12-09 17:25:56,373 | INFO     | \U0001f680 GLOBAL B2B LEAD ENGINE — STARTED
2025-12-09 17:25:56,413 | WARNING  |   [lean_business_scraper.py STDERR] 2025-12-09 17:25:56,373 | INFO     | ======================================================================
2025-12-09 17:25:56,413 | WARNING  |   [lean_business_scraper.py STDERR] 2025-12-09 17:25:56,373 | INFO     | \U0001f30d Target Location: Colombo, Sri Lanka
2025-12-09 17:25:56,413 | WARNING  |   [lean_business_scraper.py STDERR] 2025-12-09 17:25:56,373 | INFO     | \U0001f5e3\ufe0f  Language: EN
2025-12-09 17:25:56,413 | WARNING  |   [lean_business_scraper.py STDERR] 2025-12-09 17:25:56,376 | INFO     | \U0001f4de Phone Format: +94XXXXXXXXX
2025-12-09 17:25:56,413 | WARNING  |   [lean_business_scraper.py STDERR] 2025-12-09 17:25:56,376 | INFO     | ======================================================================
2025-12-09 17:25:56,413 | WARNING  |   [lean_business_scraper.py STDERR] 2025-12-09 17:25:56,376 | INFO     | \U0001f4e6 Loaded cache: 0 known businesses
2025-12-09 17:25:56,413 | WARNING  |   [lean_business_scraper.py STDERR] 2025-12-09 17:25:56,377 | INFO     | \U0001f4c5 Using search pool: week_1
2025-12-09 17:25:56,413 | WARNING  |   [lean_business_scraper.py STDERR] 2025-12-09 17:25:56,377 | INFO     | API queries_quota: 60
2025-12-09 17:25:56,413 | WARNING  |   [lean_business_scraper.py STDERR] 2025-12-09 17:25:56,377 | INFO     | \U0001f50d Starting discovery in Colombo, Sri Lanka...
2025-12-09 17:25:56,413 | WARNING  |   [lean_business_scraper.py STDERR] 2025-12-09 17:25:56,377 | INFO     | \U0001f4cd Coordinates: 6.8603, 79.9130
2025-12-09 17:25:56,413 | WARNING  |   [lean_business_scraper.py STDERR] 2025-12-09 17:25:56,377 | INFO     | \U0001f50e Using 5 search queries
2025-12-09 17:25:56,413 | WARNING  |   [lean_business_scraper.py STDERR] 2025-12-09 17:25:56,377 | INFO     | [1/5] Query: 'marketing agency Colombo'
2025-12-09 17:25:56,413 | WARNING  |   [lean_business_scraper.py STDERR] 2025-12-09 17:25:56,377 | ERROR    |    \u274c Search error: places() got an unexpected keyword argument 'timeout'
2025-12-09 17:25:56,413 | WARNING  |   [lean_business_scraper.py STDERR] 2025-12-09 17:25:56,377 | INFO     | [2/5] Query: 'digital marketing Colombo'
2025-12-09 17:25:56,413 | WARNING  |   [lean_business_scraper.py STDERR] 2025-12-09 17:25:56,377 | ERROR    |    \u274c Search error: places() got an unexpected keyword argument 'timeout'
2025-12-09 17:25:56,413 | WARNING  |   [lean_business_scraper.py STDERR] 2025-12-09 17:25:56,377 | INFO     | [3/5] Query: 'software company Colombo'
2025-12-09 17:25:56,413 | WARNING  |   [lean_business_scraper.py STDERR] 2025-12-09 17:25:56,377 | ERROR    |    \u274c Search error: places() got an unexpected keyword argument 'timeout'
2025-12-09 17:25:56,416 | WARNING  |   [lean_business_scraper.py STDERR] 2025-12-09 17:25:56,377 | INFO     | [4/5] Query: 'IT consulting Colombo'
2025-12-09 17:25:56,416 | WARNING  |   [lean_business_scraper.py STDERR] 2025-12-09 17:25:56,377 | ERROR    |    \u274c Search error: places() got an unexpected keyword argument 'timeout'
2025-12-09 17:25:56,416 | WARNING  |   [lean_business_scraper.py STDERR] 2025-12-09 17:25:56,377 | INFO     | [5/5] Query: 'web development Colombo'
2025-12-09 17:25:56,417 | WARNING  |   [lean_business_scraper.py STDERR] 2025-12-09 17:25:56,377 | ERROR    |    \u274c Search error: places() got an unexpected keyword argument 'timeout'
2025-12-09 17:25:56,417 | WARNING  |   [lean_business_scraper.py STDERR] 2025-12-09 17:25:56,377 | INFO     | \U0001f4ca Discovery complete: 0 new | API calls: 0
2025-12-09 17:25:56,417 | WARNING  |   [lean_business_scraper.py STDERR] 2025-12-09 17:25:56,380 | WARNING  | \U0001f50d No new businesses discovered
2025-12-09 17:25:56,417 | INFO     | ✅ Completed: lean_business_scraper.py (0.9s)
2025-12-09 17:25:56,417 | ERROR    | 
💥 PIPELINE FAILED: Scraper output missing: C:\Users\dulra\Downloads\frontendTeki\sme-business\scrape-leads\data\b2b_leads.csv
2025-12-09 17:25:56,417 | ERROR    | 
📉 Failed - no new leads
2025-12-09 17:25:56,417 | ERROR    |    Error: Scraper output missing: C:\Users\dulra\Downloads\frontendTeki\sme-business\scrape-leads\data\b2b_leads.csv
2025-12-09 17:26:50,589 | INFO     | 📅 Auto-detected: 2025-12-08
2025-12-09 17:26:50,589 | INFO     | ======================================================================
2025-12-09 17:26:50,589 | INFO     | 🌍 GLOBAL B2B LEAD PIPELINE — Production Run
2025-12-09 17:26:50,589 | INFO     | 📍 Target: Unknown, Unknown
2025-12-09 17:26:50,589 | INFO     | ⏱️  Started: 2025-12-09 17:26:50
2025-12-09 17:26:50,589 | INFO     | ======================================================================
2025-12-09 17:26:50,597 | INFO     | 
======================================================================
2025-12-09 17:26:50,597 | INFO     | 🔍 PHASE 1: Lead Discovery
2025-12-09 17:26:50,603 | INFO     | ======================================================================
2025-12-09 17:26:50,603 | INFO     | ▶️  Executing: lean_business_scraper.py (attempt 1/3)
2025-12-09 17:26:51,169 | WARNING  |   [lean_business_scraper.py STDERR] 2025-12-09 17:26:51,128 | INFO     | \U0001f680 GLOBAL B2B LEAD ENGINE — STARTED
2025-12-09 17:26:51,169 | WARNING  |   [lean_business_scraper.py STDERR] 2025-12-09 17:26:51,128 | INFO     | ======================================================================
2025-12-09 17:26:51,169 | WARNING  |   [lean_business_scraper.py STDERR] 2025-12-09 17:26:51,128 | INFO     | \U0001f30d Target Location: Colombo, Sri Lanka
2025-12-09 17:26:51,169 | WARNING  |   [lean_business_scraper.py STDERR] 2025-12-09 17:26:51,128 | INFO     | \U0001f5e3\ufe0f  Language: EN
2025-12-09 17:26:51,169 | WARNING  |   [lean_business_scraper.py STDERR] 2025-12-09 17:26:51,128 | INFO     | \U0001f4de Phone Format: +94XXXXXXXXX
2025-12-09 17:26:51,169 | WARNING  |   [lean_business_scraper.py STDERR] 2025-12-09 17:26:51,128 | INFO     | ======================================================================
2025-12-09 17:26:51,169 | WARNING  |   [lean_business_scraper.py STDERR] 2025-12-09 17:26:51,128 | INFO     | \U0001f4e6 Loaded cache: 0 known businesses
2025-12-09 17:26:51,172 | WARNING  |   [lean_business_scraper.py STDERR] 2025-12-09 17:26:51,139 | INFO     | \U0001f4c5 Using search pool: week_4
2025-12-09 17:26:51,172 | WARNING  |   [lean_business_scraper.py STDERR] 2025-12-09 17:26:51,139 | INFO     | API queries_quota: 60
2025-12-09 17:26:51,172 | WARNING  |   [lean_business_scraper.py STDERR] 2025-12-09 17:26:51,139 | INFO     | \U0001f50d Starting discovery in Colombo, Sri Lanka...
2025-12-09 17:26:51,172 | WARNING  |   [lean_business_scraper.py STDERR] 2025-12-09 17:26:51,139 | INFO     | \U0001f4cd Coordinates: 6.8603, 79.9130
2025-12-09 17:26:51,172 | WARNING  |   [lean_business_scraper.py STDERR] 2025-12-09 17:26:51,139 | INFO     | \U0001f50e Using 5 search queries
2025-12-09 17:26:51,172 | WARNING  |   [lean_business_scraper.py STDERR] 2025-12-09 17:26:51,139 | INFO     | [1/5] Query: 'IT consulting Colombo'
2025-12-09 17:26:51,172 | WARNING  |   [lean_business_scraper.py STDERR] 2025-12-09 17:26:51,139 | ERROR    |    \u274c Search error: places() got an unexpected keyword argument 'timeout'
2025-12-09 17:26:51,172 | WARNING  |   [lean_business_scraper.py STDERR] 2025-12-09 17:26:51,139 | INFO     | [2/5] Query: 'web development Colombo'
2025-12-09 17:26:51,172 | WARNING  |   [lean_business_scraper.py STDERR] 2025-12-09 17:26:51,139 | ERROR    |    \u274c Search error: places() got an unexpected keyword argument 'timeout'
2025-12-09 17:26:51,172 | WARNING  |   [lean_business_scraper.py STDERR] 2025-12-09 17:26:51,139 | INFO     | [3/5] Query: 'business consulting Colombo'
2025-12-09 17:26:51,172 | WARNING  |   [lean_business_scraper.py STDERR] 2025-12-09 17:26:51,142 | ERROR    |    \u274c Search error: places() got an unexpected keyword argument 'timeout'
2025-12-09 17:26:51,172 | WARNING  |   [lean_business_scraper.py STDERR] 2025-12-09 17:26:51,142 | INFO     | [4/5] Query: 'law firm Colombo'
2025-12-09 17:26:51,172 | WARNING  |   [lean_business_scraper.py STDERR] 2025-12-09 17:26:51,142 | ERROR    |    \u274c Search error: places() got an unexpected keyword argument 'timeout'
2025-12-09 17:26:51,172 | WARNING  |   [lean_business_scraper.py STDERR] 2025-12-09 17:26:51,142 | INFO     | [5/5] Query: 'accounting firm Colombo'
2025-12-09 17:26:51,172 | WARNING  |   [lean_business_scraper.py STDERR] 2025-12-09 17:26:51,142 | ERROR    |    \u274c Search error: places() got an unexpected keyword argument 'timeout'
2025-12-09 17:26:51,172 | WARNING  |   [lean_business_scraper.py STDERR] 2025-12-09 17:26:51,142 | INFO     | \U0001f4ca Discovery complete: 0 new | API calls: 0
2025-12-09 17:26:51,175 | WARNING  |   [lean_business_scraper.py STDERR] 2025-12-09 17:26:51,142 | WARNING  | \U0001f50d No new businesses discovered
2025-12-09 17:26:51,175 | INFO     | ✅ Completed: lean_business_scraper.py (0.6s)
2025-12-09 17:26:51,176 | ERROR    | 
💥 PIPELINE FAILED: Scraper output missing: C:\Users\dulra\Downloads\frontendTeki\sme-business\scrape-leads\data\b2b_leads.csv
2025-12-09 17:26:51,185 | ERROR    | 
📉 Failed - no new leads
2025-12-09 17:26:51,185 | ERROR    |    Error: Scraper output missing: C:\Users\dulra\Downloads\frontendTeki\sme-business\scrape-leads\data\b2b_leads.csv
2025-12-09 17:31:58,314 | INFO     | 📅 Auto-detected: 2025-12-08
2025-12-09 17:31:58,314 | INFO     | ======================================================================
2025-12-09 17:31:58,314 | INFO     | 🌍 GLOBAL B2B LEAD PIPELINE — Production Run
2025-12-09 17:31:58,314 | INFO     | 📍 Target: Unknown, Unknown
2025-12-09 17:31:58,314 | INFO     | ⏱️  Started: 2025-12-09 17:31:58
2025-12-09 17:31:58,314 | INFO     | ======================================================================
2025-12-09 17:31:58,329 | INFO     | 
======================================================================
2025-12-09 17:31:58,329 | INFO     | 🔍 PHASE 1: Lead Discovery
2025-12-09 17:31:58,329 | INFO     | ======================================================================
2025-12-09 17:31:58,329 | INFO     | ▶️  Executing: lean_business_scraper.py (attempt 1/3)
2025-12-09 17:31:58,930 | WARNING  |   [lean_business_scraper.py STDERR] 2025-12-09 17:31:58,890 | INFO     | \U0001f680 GLOBAL B2B LEAD ENGINE — STARTED
2025-12-09 17:31:58,930 | WARNING  |   [lean_business_scraper.py STDERR] 2025-12-09 17:31:58,890 | INFO     | ======================================================================
2025-12-09 17:31:58,930 | WARNING  |   [lean_business_scraper.py STDERR] 2025-12-09 17:31:58,890 | INFO     | \U0001f30d Target Location: Colombo, Sri Lanka
2025-12-09 17:31:58,930 | WARNING  |   [lean_business_scraper.py STDERR] 2025-12-09 17:31:58,890 | INFO     | \U0001f5e3\ufe0f  Language: EN
2025-12-09 17:31:58,930 | WARNING  |   [lean_business_scraper.py STDERR] 2025-12-09 17:31:58,890 | INFO     | \U0001f4de Phone Format: +94XXXXXXXXX
2025-12-09 17:31:58,930 | WARNING  |   [lean_business_scraper.py STDERR] 2025-12-09 17:31:58,890 | INFO     | ======================================================================
2025-12-09 17:31:58,930 | WARNING  |   [lean_business_scraper.py STDERR] 2025-12-09 17:31:58,890 | INFO     | \U0001f4e6 Loaded cache: 0 known businesses
2025-12-09 17:31:58,930 | WARNING  |   [lean_business_scraper.py STDERR] 2025-12-09 17:31:58,900 | INFO     | \U0001f4c5 Using search pool: week_2
2025-12-09 17:31:58,930 | WARNING  |   [lean_business_scraper.py STDERR] 2025-12-09 17:31:58,900 | ERROR    | \U0001f4a5 CRITICAL ERROR: Client.__init__() got an unexpected keyword argument 'client_session'
2025-12-09 17:31:58,930 | WARNING  |   [lean_business_scraper.py STDERR] Traceback (most recent call last):
2025-12-09 17:31:58,930 | WARNING  |   [lean_business_scraper.py STDERR]   File "C:\Users\dulra\Downloads\frontendTeki\sme-business\scrape-leads\lean_business_scraper.py", line 667, in main
2025-12-09 17:31:58,930 | WARNING  |   [lean_business_scraper.py STDERR]     places, search_calls, cache = discover_businesses(LOCATION, search_terms, cache)
2025-12-09 17:31:58,932 | WARNING  |   [lean_business_scraper.py STDERR]                                   ^^^^^^^^^^^^^^^^^^^^^^^^^^^^^^^^^^^^^^^^^^^^^^^^^^
2025-12-09 17:31:58,932 | WARNING  |   [lean_business_scraper.py STDERR]   File "C:\Users\dulra\Downloads\frontendTeki\sme-business\scrape-leads\lean_business_scraper.py", line 454, in discover_businesses
2025-12-09 17:31:58,933 | WARNING  |   [lean_business_scraper.py STDERR]     gmaps = create_gmaps_client(GOOGLE_API_KEY, timeout=10)
2025-12-09 17:31:58,933 | WARNING  |   [lean_business_scraper.py STDERR]             ^^^^^^^^^^^^^^^^^^^^^^^^^^^^^^^^^^^^^^^^^^^^^^^
2025-12-09 17:31:58,933 | WARNING  |   [lean_business_scraper.py STDERR]   File "C:\Users\dulra\Downloads\frontendTeki\sme-business\scrape-leads\lean_business_scraper.py", line 249, in create_gmaps_client
2025-12-09 17:31:58,933 | WARNING  |   [lean_business_scraper.py STDERR]     return googlemaps.Client(
2025-12-09 17:31:58,933 | WARNING  |   [lean_business_scraper.py STDERR]            ^^^^^^^^^^^^^^^^^^
2025-12-09 17:31:58,933 | WARNING  |   [lean_business_scraper.py STDERR] TypeError: Client.__init__() got an unexpected keyword argument 'client_session'
2025-12-09 17:31:58,933 | WARNING  |   [lean_business_scraper.py STDERR] Traceback (most recent call last):
2025-12-09 17:31:58,933 | WARNING  |   [lean_business_scraper.py STDERR]   File "C:\Users\dulra\Downloads\frontendTeki\sme-business\scrape-leads\lean_business_scraper.py", line 707, in <module>
2025-12-09 17:31:58,933 | WARNING  |   [lean_business_scraper.py STDERR]     main()
2025-12-09 17:31:58,933 | WARNING  |   [lean_business_scraper.py STDERR]   File "C:\Users\dulra\Downloads\frontendTeki\sme-business\scrape-leads\lean_business_scraper.py", line 667, in main
2025-12-09 17:31:58,933 | WARNING  |   [lean_business_scraper.py STDERR]     places, search_calls, cache = discover_businesses(LOCATION, search_terms, cache)
2025-12-09 17:31:58,933 | WARNING  |   [lean_business_scraper.py STDERR]                                   ^^^^^^^^^^^^^^^^^^^^^^^^^^^^^^^^^^^^^^^^^^^^^^^^^^
2025-12-09 17:31:58,933 | WARNING  |   [lean_business_scraper.py STDERR]   File "C:\Users\dulra\Downloads\frontendTeki\sme-business\scrape-leads\lean_business_scraper.py", line 454, in discover_businesses
2025-12-09 17:31:58,933 | WARNING  |   [lean_business_scraper.py STDERR]     gmaps = create_gmaps_client(GOOGLE_API_KEY, timeout=10)
2025-12-09 17:31:58,933 | WARNING  |   [lean_business_scraper.py STDERR]             ^^^^^^^^^^^^^^^^^^^^^^^^^^^^^^^^^^^^^^^^^^^^^^^
2025-12-09 17:31:58,933 | WARNING  |   [lean_business_scraper.py STDERR]   File "C:\Users\dulra\Downloads\frontendTeki\sme-business\scrape-leads\lean_business_scraper.py", line 249, in create_gmaps_client
2025-12-09 17:31:58,933 | WARNING  |   [lean_business_scraper.py STDERR]     return googlemaps.Client(
2025-12-09 17:31:58,936 | WARNING  |   [lean_business_scraper.py STDERR]            ^^^^^^^^^^^^^^^^^^
2025-12-09 17:31:58,936 | WARNING  |   [lean_business_scraper.py STDERR] TypeError: Client.__init__() got an unexpected keyword argument 'client_session'
2025-12-09 17:31:58,936 | ERROR    | ❌ Failed: lean_business_scraper.py - Exit code 1
2025-12-09 17:31:58,936 | INFO     | ⏳ Retrying in 10s...
2025-12-09 17:32:08,828 | ERROR    | 
📉 Failed - no new leads
2025-12-09 17:32:08,828 | ERROR    |    Error: None
2025-12-09 17:32:08,828 | WARNING  | 
🛑 Interrupted
2025-12-09 17:35:27,061 | INFO     | 📅 Auto-detected: 2025-12-08
2025-12-09 17:35:27,061 | INFO     | ======================================================================
2025-12-09 17:35:27,061 | INFO     | 🌍 GLOBAL B2B LEAD PIPELINE — Production Run
2025-12-09 17:35:27,064 | INFO     | 📍 Target: Unknown, Unknown
2025-12-09 17:35:27,064 | INFO     | ⏱️  Started: 2025-12-09 17:35:27
2025-12-09 17:35:27,064 | INFO     | ======================================================================
2025-12-09 17:35:27,072 | INFO     | 
======================================================================
2025-12-09 17:35:27,072 | INFO     | 🔍 PHASE 1: Lead Discovery
2025-12-09 17:35:27,072 | INFO     | ======================================================================
2025-12-09 17:35:27,072 | INFO     | ▶️  Executing: lean_business_scraper.py (attempt 1/3)
2025-12-09 17:35:28,496 | WARNING  |   [lean_business_scraper.py STDERR] 2025-12-09 17:35:27,642 | INFO     | \U0001f680 GLOBAL B2B LEAD ENGINE — STARTED
2025-12-09 17:35:28,496 | WARNING  |   [lean_business_scraper.py STDERR] 2025-12-09 17:35:27,642 | INFO     | ======================================================================
2025-12-09 17:35:28,496 | WARNING  |   [lean_business_scraper.py STDERR] 2025-12-09 17:35:27,642 | INFO     | \U0001f30d Target Location: Colombo, Sri Lanka
2025-12-09 17:35:28,496 | WARNING  |   [lean_business_scraper.py STDERR] 2025-12-09 17:35:27,642 | INFO     | \U0001f5e3\ufe0f  Language: EN
2025-12-09 17:35:28,496 | WARNING  |   [lean_business_scraper.py STDERR] 2025-12-09 17:35:27,642 | INFO     | \U0001f4de Phone Format: +94XXXXXXXXX
2025-12-09 17:35:28,496 | WARNING  |   [lean_business_scraper.py STDERR] 2025-12-09 17:35:27,642 | INFO     | ======================================================================
2025-12-09 17:35:28,512 | WARNING  |   [lean_business_scraper.py STDERR] 2025-12-09 17:35:27,642 | INFO     | \U0001f4e6 Loaded cache: 0 known businesses
2025-12-09 17:35:28,512 | WARNING  |   [lean_business_scraper.py STDERR] 2025-12-09 17:35:27,652 | INFO     | \U0001f4c5 Using search pool: week_3
2025-12-09 17:35:28,512 | WARNING  |   [lean_business_scraper.py STDERR] 2025-12-09 17:35:27,655 | INFO     | API queries_quota: 60
2025-12-09 17:35:28,512 | WARNING  |   [lean_business_scraper.py STDERR] 2025-12-09 17:35:27,655 | INFO     | \U0001f50d Starting discovery in Colombo, Sri Lanka...
2025-12-09 17:35:28,512 | WARNING  |   [lean_business_scraper.py STDERR] 2025-12-09 17:35:27,655 | INFO     | \U0001f4cd Coordinates: 6.8603, 79.9130
2025-12-09 17:35:28,512 | WARNING  |   [lean_business_scraper.py STDERR] 2025-12-09 17:35:27,656 | INFO     | \U0001f50e Using 5 search queries
2025-12-09 17:35:28,512 | WARNING  |   [lean_business_scraper.py STDERR] 2025-12-09 17:35:27,656 | INFO     | [1/5] Query: 'advertising agency Colombo'
2025-12-09 17:35:28,512 | WARNING  |   [lean_business_scraper.py STDERR] 2025-12-09 17:35:28,162 | ERROR    |    \u274c Search error: REQUEST_DENIED (You must enable Billing on the Google Cloud Project at https://console.cloud.google.com/project/_/billing/enable Learn more at https://developers.google.com/maps/gmp-get-started)
2025-12-09 17:35:28,512 | WARNING  |   [lean_business_scraper.py STDERR] 2025-12-09 17:35:28,162 | INFO     | [2/5] Query: 'design agency Colombo'
2025-12-09 17:35:28,512 | WARNING  |   [lean_business_scraper.py STDERR] 2025-12-09 17:35:28,232 | ERROR    |    \u274c Search error: REQUEST_DENIED (You must enable Billing on the Google Cloud Project at https://console.cloud.google.com/project/_/billing/enable Learn more at https://developers.google.com/maps/gmp-get-started)
2025-12-09 17:35:28,512 | WARNING  |   [lean_business_scraper.py STDERR] 2025-12-09 17:35:28,232 | INFO     | [3/5] Query: 'marketing agency near Colombo'
2025-12-09 17:35:28,512 | WARNING  |   [lean_business_scraper.py STDERR] 2025-12-09 17:35:28,332 | ERROR    |    \u274c Search error: REQUEST_DENIED (You must enable Billing on the Google Cloud Project at https://console.cloud.google.com/project/_/billing/enable Learn more at https://developers.google.com/maps/gmp-get-started)
2025-12-09 17:35:28,512 | WARNING  |   [lean_business_scraper.py STDERR] 2025-12-09 17:35:28,332 | INFO     | [4/5] Query: 'best marketing agency Colombo'
2025-12-09 17:35:28,512 | WARNING  |   [lean_business_scraper.py STDERR] 2025-12-09 17:35:28,415 | ERROR    |    \u274c Search error: REQUEST_DENIED (You must enable Billing on the Google Cloud Project at https://console.cloud.google.com/project/_/billing/enable Learn more at https://developers.google.com/maps/gmp-get-started)
2025-12-09 17:35:28,512 | WARNING  |   [lean_business_scraper.py STDERR] 2025-12-09 17:35:28,415 | INFO     | [5/5] Query: 'top digital marketing Colombo'
2025-12-09 17:35:28,512 | WARNING  |   [lean_business_scraper.py STDERR] 2025-12-09 17:35:28,480 | ERROR    |    \u274c Search error: REQUEST_DENIED (You must enable Billing on the Google Cloud Project at https://console.cloud.google.com/project/_/billing/enable Learn more at https://developers.google.com/maps/gmp-get-started)
2025-12-09 17:35:28,512 | WARNING  |   [lean_business_scraper.py STDERR] 2025-12-09 17:35:28,480 | INFO     | \U0001f4ca Discovery complete: 0 new | API calls: 0
2025-12-09 17:35:28,512 | WARNING  |   [lean_business_scraper.py STDERR] 2025-12-09 17:35:28,480 | WARNING  | \U0001f50d No new businesses discovered
2025-12-09 17:35:28,512 | INFO     | ✅ Completed: lean_business_scraper.py (1.4s)
2025-12-09 17:35:28,512 | ERROR    | 
💥 PIPELINE FAILED: Scraper output missing: C:\Users\dulra\Downloads\frontendTeki\sme-business\scrape-leads\data\b2b_leads.csv
2025-12-09 17:35:28,528 | ERROR    | 
📉 Failed - no new leads
2025-12-09 17:35:28,529 | ERROR    |    Error: Scraper output missing: C:\Users\dulra\Downloads\frontendTeki\sme-business\scrape-leads\data\b2b_leads.csv
